<?xml version="1.0" encoding="utf-8" standalone="no"?>
<test-run id="2" testcasecount="42" result="Passed" total="42" passed="42" failed="0" inconclusive="0" skipped="0" asserts="9" engine-version="3.6.1.0" clr-version="4.0.30319.42000" start-time="2017-08-03 16:03:51Z" end-time="2017-08-03 16:04:08Z" duration="16.299227">
  <command-line><![CDATA[nunit3-console  SDK\Source\Virgil.SDK.Tests\bin\Release\Virgil.SDK.Tests.dll --result=myresults.xml;format=AppVeyor]]></command-line>
  <test-suite type="Assembly" id="0-1054" name="Virgil.SDK.Tests.dll" fullname="C:\projects\virgil-sdk-net\SDK\Source\Virgil.SDK.Tests\bin\Release\Virgil.SDK.Tests.dll" runstate="Runnable" testcasecount="42" result="Passed" start-time="2017-08-03 16:03:52Z" end-time="2017-08-03 16:04:08Z" duration="15.336305" total="42" passed="42" failed="0" warnings="0" inconclusive="0" skipped="0" asserts="9">
    <environment framework-version="3.6.1.0" clr-version="4.0.30319.42000" os-version="Microsoft Windows NT 6.3.9600.0" platform="Win32NT" cwd="C:\projects\virgil-sdk-net" machine-name="APPVYR-WIN" user="appveyor" user-domain="APPVYR-WIN" culture="en-US" uiculture="en-US" os-architecture="x64" />
    <settings>
      <setting name="DisposeRunners" value="True" />
      <setting name="WorkDirectory" value="C:\projects\virgil-sdk-net" />
      <setting name="ImageRuntimeVersion" value="4.0.30319" />
      <setting name="ImageTargetFrameworkName" value=".NETFramework,Version=v4.5" />
      <setting name="ImageRequiresX86" value="False" />
      <setting name="ImageRequiresDefaultAppDomainAssemblyResolver" value="False" />
      <setting name="NumberOfTestWorkers" value="2" />
    </settings>
    <properties>
      <property name="_PID" value="1372" />
      <property name="_APPDOMAIN" value="domain-" />
    </properties>
    <test-suite type="TestSuite" id="0-1055" name="Virgil" fullname="Virgil" runstate="Runnable" testcasecount="42" result="Passed" start-time="2017-08-03 16:03:52Z" end-time="2017-08-03 16:04:08Z" duration="15.295584" total="42" passed="42" failed="0" warnings="0" inconclusive="0" skipped="0" asserts="9">
      <test-suite type="TestSuite" id="0-1056" name="SDK" fullname="Virgil.SDK" runstate="Runnable" testcasecount="42" result="Passed" start-time="2017-08-03 16:03:52Z" end-time="2017-08-03 16:04:08Z" duration="15.264317" total="42" passed="42" failed="0" warnings="0" inconclusive="0" skipped="0" asserts="9">
        <test-suite type="TestSuite" id="0-1057" name="Tests" fullname="Virgil.SDK.Tests" runstate="Runnable" testcasecount="42" result="Passed" start-time="2017-08-03 16:03:52Z" end-time="2017-08-03 16:04:08Z" duration="15.233066" total="42" passed="42" failed="0" warnings="0" inconclusive="0" skipped="0" asserts="9">
          <test-suite type="TestFixture" id="0-1006" name="CardsManagerTests" fullname="Virgil.SDK.Tests.CardsManagerTests" classname="Virgil.SDK.Tests.CardsManagerTests" runstate="Runnable" testcasecount="3" result="Passed" start-time="2017-08-03 16:03:52Z" end-time="2017-08-03 16:03:55Z" duration="2.345638" total="3" passed="3" failed="0" warnings="0" inconclusive="0" skipped="0" asserts="3">
            <test-case id="0-1007" name="PublishCardWithAppCredentials_PredefinedCard_ShouldPublishCard" fullname="Virgil.SDK.Tests.CardsManagerTests.PublishCardWithAppCredentials_PredefinedCard_ShouldPublishCard" methodname="PublishCardWithAppCredentials_PredefinedCard_ShouldPublishCard" classname="Virgil.SDK.Tests.CardsManagerTests" runstate="Runnable" seed="1128966369" result="Passed" start-time="2017-08-03 16:03:52Z" end-time="2017-08-03 16:03:55Z" duration="2.193269" asserts="1" />
            <test-case id="0-1008" name="PublishCardWithEmptyAppCredentials_PredefinedCard_ShouldOccurAppCredentialsException" fullname="Virgil.SDK.Tests.CardsManagerTests.PublishCardWithEmptyAppCredentials_PredefinedCard_ShouldOccurAppCredentialsException" methodname="PublishCardWithEmptyAppCredentials_PredefinedCard_ShouldOccurAppCredentialsException" classname="Virgil.SDK.Tests.CardsManagerTests" runstate="Runnable" seed="1837709317" result="Passed" start-time="2017-08-03 16:03:55Z" end-time="2017-08-03 16:03:55Z" duration="0.050598" asserts="1" />
            <test-case id="0-1009" name="RevokeWithEmptyAppCredentials_PredefinedCard_ShouldOccurAppCredentialsException" fullname="Virgil.SDK.Tests.CardsManagerTests.RevokeWithEmptyAppCredentials_PredefinedCard_ShouldOccurAppCredentialsException" methodname="RevokeWithEmptyAppCredentials_PredefinedCard_ShouldOccurAppCredentialsException" classname="Virgil.SDK.Tests.CardsManagerTests" runstate="Runnable" seed="406414847" result="Passed" start-time="2017-08-03 16:03:55Z" end-time="2017-08-03 16:03:55Z" duration="0.022912" asserts="1" />
          </test-suite>
          <test-suite type="TestFixture" id="0-1000" name="CardValidatorTests" fullname="Virgil.SDK.Tests.CardValidatorTests" classname="Virgil.SDK.Tests.CardValidatorTests" runstate="Runnable" testcasecount="5" result="Passed" start-time="2017-08-03 16:03:55Z" end-time="2017-08-03 16:03:55Z" duration="0.156269" total="5" passed="5" failed="0" warnings="0" inconclusive="0" skipped="0" asserts="0">
            <test-case id="0-1003" name="Validate_CardWithFakedCardId_ShouldReturnFalse" fullname="Virgil.SDK.Tests.CardValidatorTests.Validate_CardWithFakedCardId_ShouldReturnFalse" methodname="Validate_CardWithFakedCardId_ShouldReturnFalse" classname="Virgil.SDK.Tests.CardValidatorTests" runstate="Runnable" seed="1858639858" result="Passed" start-time="2017-08-03 16:03:55Z" end-time="2017-08-03 16:03:55Z" duration="0.005568" asserts="0" />
            <test-case id="0-1001" name="Validate_CardWithFakedOwnerSignature_ShouldReturnFalse" fullname="Virgil.SDK.Tests.CardValidatorTests.Validate_CardWithFakedOwnerSignature_ShouldReturnFalse" methodname="Validate_CardWithFakedOwnerSignature_ShouldReturnFalse" classname="Virgil.SDK.Tests.CardValidatorTests" runstate="Runnable" seed="1725211295" result="Passed" start-time="2017-08-03 16:03:55Z" end-time="2017-08-03 16:03:55Z" duration="0.009055" asserts="0" />
            <test-case id="0-1002" name="Validate_PredefinedCardGiven_ShouldReutrnTrue" fullname="Virgil.SDK.Tests.CardValidatorTests.Validate_PredefinedCardGiven_ShouldReutrnTrue" methodname="Validate_PredefinedCardGiven_ShouldReutrnTrue" classname="Virgil.SDK.Tests.CardValidatorTests" runstate="Runnable" seed="1742454514" result="Passed" start-time="2017-08-03 16:03:55Z" end-time="2017-08-03 16:03:55Z" duration="0.009786" asserts="0" />
            <test-case id="0-1005" name="ValidateWithDefaultVerifiers_CardWithoutServiceSignature_ShouldReturnFalse" fullname="Virgil.SDK.Tests.CardValidatorTests.ValidateWithDefaultVerifiers_CardWithoutServiceSignature_ShouldReturnFalse" methodname="ValidateWithDefaultVerifiers_CardWithoutServiceSignature_ShouldReturnFalse" classname="Virgil.SDK.Tests.CardValidatorTests" runstate="Runnable" seed="1126646929" result="Passed" start-time="2017-08-03 16:03:55Z" end-time="2017-08-03 16:03:55Z" duration="0.008746" asserts="0" />
            <test-case id="0-1004" name="ValidateWithoutDefaultVerifiers_CardWithoutServiceSignature_ShouldReturnTrue" fullname="Virgil.SDK.Tests.CardValidatorTests.ValidateWithoutDefaultVerifiers_CardWithoutServiceSignature_ShouldReturnTrue" methodname="ValidateWithoutDefaultVerifiers_CardWithoutServiceSignature_ShouldReturnTrue" classname="Virgil.SDK.Tests.CardValidatorTests" runstate="Runnable" seed="375967227" result="Passed" start-time="2017-08-03 16:03:55Z" end-time="2017-08-03 16:03:55Z" duration="0.005068" asserts="0" />
          </test-suite>
          <test-suite type="TestFixture" id="0-1010" name="CreateCardRequestTests" fullname="Virgil.SDK.Tests.CreateCardRequestTests" classname="Virgil.SDK.Tests.CreateCardRequestTests" runstate="Runnable" testcasecount="4" result="Passed" start-time="2017-08-03 16:03:55Z" end-time="2017-08-03 16:03:55Z" duration="0.374961" total="4" passed="4" failed="0" warnings="0" inconclusive="0" skipped="0" asserts="0">
            <test-case id="0-1012" name="Ctor_NullAsParameterGiven_ShouldSnapshotBeEquivalentToSerializedDetails" fullname="Virgil.SDK.Tests.CreateCardRequestTests.Ctor_NullAsParameterGiven_ShouldSnapshotBeEquivalentToSerializedDetails" methodname="Ctor_NullAsParameterGiven_ShouldSnapshotBeEquivalentToSerializedDetails" classname="Virgil.SDK.Tests.CreateCardRequestTests" runstate="Runnable" seed="1851339638" result="Passed" start-time="2017-08-03 16:03:55Z" end-time="2017-08-03 16:03:55Z" duration="0.183972" asserts="0" />
            <test-case id="0-1011" name="Ctor_RequestDetailsGiven_ShouldSnapshotBeEquivalentToSerializedDetails" fullname="Virgil.SDK.Tests.CreateCardRequestTests.Ctor_RequestDetailsGiven_ShouldSnapshotBeEquivalentToSerializedDetails" methodname="Ctor_RequestDetailsGiven_ShouldSnapshotBeEquivalentToSerializedDetails" classname="Virgil.SDK.Tests.CreateCardRequestTests" runstate="Runnable" seed="1554604445" result="Passed" start-time="2017-08-03 16:03:55Z" end-time="2017-08-03 16:03:55Z" duration="0.014806" asserts="0" />
            <test-case id="0-1014" name="Export_WithoutParameters_ShouldBeEquivalentToImportedRequest" fullname="Virgil.SDK.Tests.CreateCardRequestTests.Export_WithoutParameters_ShouldBeEquivalentToImportedRequest" methodname="Export_WithoutParameters_ShouldBeEquivalentToImportedRequest" classname="Virgil.SDK.Tests.CreateCardRequestTests" runstate="Runnable" seed="1288632904" result="Passed" start-time="2017-08-03 16:03:55Z" end-time="2017-08-03 16:03:55Z" duration="0.053548" asserts="0" />
            <test-case id="0-1013" name="Export_WithoutParameters_ShouldReturnStringRepresentationOfRequest" fullname="Virgil.SDK.Tests.CreateCardRequestTests.Export_WithoutParameters_ShouldReturnStringRepresentationOfRequest" methodname="Export_WithoutParameters_ShouldReturnStringRepresentationOfRequest" classname="Virgil.SDK.Tests.CreateCardRequestTests" runstate="Runnable" seed="1326155787" result="Passed" start-time="2017-08-03 16:03:55Z" end-time="2017-08-03 16:03:55Z" duration="0.026118" asserts="0" />
          </test-suite>
          <test-suite type="TestFixture" id="0-1015" name="DigitalSignatureTest" fullname="Virgil.SDK.Tests.DigitalSignatureTest" classname="Virgil.SDK.Tests.DigitalSignatureTest" runstate="Runnable" testcasecount="2" result="Passed" start-time="2017-08-03 16:03:55Z" end-time="2017-08-03 16:03:55Z" duration="0.078170" total="2" passed="2" failed="0" warnings="0" inconclusive="0" skipped="0" asserts="0">
            <test-case id="0-1016" name="SignData_PlainTextGiven_ShouldPassVerfifcation" fullname="Virgil.SDK.Tests.DigitalSignatureTest.SignData_PlainTextGiven_ShouldPassVerfifcation" methodname="SignData_PlainTextGiven_ShouldPassVerfifcation" classname="Virgil.SDK.Tests.DigitalSignatureTest" runstate="Runnable" seed="757703721" result="Passed" start-time="2017-08-03 16:03:55Z" end-time="2017-08-03 16:03:55Z" duration="0.012460" asserts="0" />
            <test-case id="0-1017" name="SignData_StreamGiven_ShouldPassVerification" fullname="Virgil.SDK.Tests.DigitalSignatureTest.SignData_StreamGiven_ShouldPassVerification" methodname="SignData_StreamGiven_ShouldPassVerification" classname="Virgil.SDK.Tests.DigitalSignatureTest" runstate="Runnable" seed="2991202" result="Passed" start-time="2017-08-03 16:03:55Z" end-time="2017-08-03 16:03:55Z" duration="0.019610" asserts="0" />
          </test-suite>
          <test-suite type="TestFixture" id="0-1028" name="EncryptionTest" fullname="Virgil.SDK.Tests.EncryptionTest" classname="Virgil.SDK.Tests.EncryptionTest" runstate="Runnable" testcasecount="7" result="Passed" start-time="2017-08-03 16:03:55Z" end-time="2017-08-03 16:03:59Z" duration="3.375085" total="7" passed="7" failed="0" warnings="0" inconclusive="0" skipped="0" asserts="0">
            <test-case id="0-1030" name="EncryptData_MultiplePublicKeysGiven_ShouldCipherDataBeDecrypted" fullname="Virgil.SDK.Tests.EncryptionTest.EncryptData_MultiplePublicKeysGiven_ShouldCipherDataBeDecrypted" methodname="EncryptData_MultiplePublicKeysGiven_ShouldCipherDataBeDecrypted" classname="Virgil.SDK.Tests.EncryptionTest" runstate="Runnable" seed="950694304" result="Passed" start-time="2017-08-03 16:03:55Z" end-time="2017-08-03 16:03:56Z" duration="0.157067" asserts="0" />
            <test-case id="0-1031" name="EncryptData_MultiplePublicKeysWithDifferentTypesGiven_ShouldCipherDataBeDecrypted" fullname="Virgil.SDK.Tests.EncryptionTest.EncryptData_MultiplePublicKeysWithDifferentTypesGiven_ShouldCipherDataBeDecrypted" methodname="EncryptData_MultiplePublicKeysWithDifferentTypesGiven_ShouldCipherDataBeDecrypted" classname="Virgil.SDK.Tests.EncryptionTest" runstate="Runnable" seed="2042876589" result="Passed" start-time="2017-08-03 16:03:56Z" end-time="2017-08-03 16:03:56Z" duration="0.510050" asserts="0" />
            <test-case id="0-1029" name="EncryptData_SinglePublicKeyGiven_ShouldCipherDataBeDecrypted" fullname="Virgil.SDK.Tests.EncryptionTest.EncryptData_SinglePublicKeyGiven_ShouldCipherDataBeDecrypted" methodname="EncryptData_SinglePublicKeyGiven_ShouldCipherDataBeDecrypted" classname="Virgil.SDK.Tests.EncryptionTest" runstate="Runnable" seed="1286283698" result="Passed" start-time="2017-08-03 16:03:56Z" end-time="2017-08-03 16:03:56Z" duration="0.023765" asserts="0" />
            <test-case id="0-1033" name="EncryptStream_MultiplePublicKeysGiven_ShouldCipherStreamBeDecrypted" fullname="Virgil.SDK.Tests.EncryptionTest.EncryptStream_MultiplePublicKeysGiven_ShouldCipherStreamBeDecrypted" methodname="EncryptStream_MultiplePublicKeysGiven_ShouldCipherStreamBeDecrypted" classname="Virgil.SDK.Tests.EncryptionTest" runstate="Runnable" seed="1733539838" result="Passed" start-time="2017-08-03 16:03:56Z" end-time="2017-08-03 16:03:59Z" duration="2.335723" asserts="0" />
            <test-case id="0-1032" name="EncryptStream_SinglePublicKeyGiven_ShouldCipherStreamBeDecrypted" fullname="Virgil.SDK.Tests.EncryptionTest.EncryptStream_SinglePublicKeyGiven_ShouldCipherStreamBeDecrypted" methodname="EncryptStream_SinglePublicKeyGiven_ShouldCipherStreamBeDecrypted" classname="Virgil.SDK.Tests.EncryptionTest" runstate="Runnable" seed="465963122" result="Passed" start-time="2017-08-03 16:03:59Z" end-time="2017-08-03 16:03:59Z" duration="0.038674" asserts="0" />
            <test-case id="0-1035" name="SignAndEncryptData_ListOfPublicAndPrivateKeysGiven_ShouldDecryptAndVerifyDataSuccessfully" fullname="Virgil.SDK.Tests.EncryptionTest.SignAndEncryptData_ListOfPublicAndPrivateKeysGiven_ShouldDecryptAndVerifyDataSuccessfully" methodname="SignAndEncryptData_ListOfPublicAndPrivateKeysGiven_ShouldDecryptAndVerifyDataSuccessfully" classname="Virgil.SDK.Tests.EncryptionTest" runstate="Runnable" seed="1184052554" result="Passed" start-time="2017-08-03 16:03:59Z" end-time="2017-08-03 16:03:59Z" duration="0.069907" asserts="0" />
            <test-case id="0-1034" name="SignAndEncryptData_PublicAndPrivateKeysGiven_ShouldDecryptAndVerifyDataSuccessfully" fullname="Virgil.SDK.Tests.EncryptionTest.SignAndEncryptData_PublicAndPrivateKeysGiven_ShouldDecryptAndVerifyDataSuccessfully" methodname="SignAndEncryptData_PublicAndPrivateKeysGiven_ShouldDecryptAndVerifyDataSuccessfully" classname="Virgil.SDK.Tests.EncryptionTest" runstate="Runnable" seed="885575002" result="Passed" start-time="2017-08-03 16:03:59Z" end-time="2017-08-03 16:03:59Z" duration="0.053578" asserts="0" />
          </test-suite>
          <test-suite type="TestFixture" id="0-1018" name="FingerprintTests" fullname="Virgil.SDK.Tests.FingerprintTests" classname="Virgil.SDK.Tests.FingerprintTests" runstate="Runnable" testcasecount="2" result="Passed" start-time="2017-08-03 16:03:59Z" end-time="2017-08-03 16:03:59Z" duration="0.062563" total="2" passed="2" failed="0" warnings="0" inconclusive="0" skipped="0" asserts="0">
            <test-case id="0-1020" name="Ctor_ByteArrayGiven_HexStringShouldMatchWithVirgilCryptoImpl" fullname="Virgil.SDK.Tests.FingerprintTests.Ctor_ByteArrayGiven_HexStringShouldMatchWithVirgilCryptoImpl" methodname="Ctor_ByteArrayGiven_HexStringShouldMatchWithVirgilCryptoImpl" classname="Virgil.SDK.Tests.FingerprintTests" runstate="Runnable" seed="142022165" result="Passed" start-time="2017-08-03 16:03:59Z" end-time="2017-08-03 16:03:59Z" duration="0.002863" asserts="0" />
            <test-case id="0-1019" name="Ctor_HexStringGiven_ValuesShouldMatchWithVirgilCryptoImpl" fullname="Virgil.SDK.Tests.FingerprintTests.Ctor_HexStringGiven_ValuesShouldMatchWithVirgilCryptoImpl" methodname="Ctor_HexStringGiven_ValuesShouldMatchWithVirgilCryptoImpl" classname="Virgil.SDK.Tests.FingerprintTests" runstate="Runnable" seed="1774286177" result="Passed" start-time="2017-08-03 16:03:59Z" end-time="2017-08-03 16:03:59Z" duration="0.002093" asserts="0" />
          </test-suite>
          <test-suite type="TestFixture" id="0-1023" name="HighLevelCryptoTests" fullname="Virgil.SDK.Tests.HighLevelCryptoTests" classname="Virgil.SDK.Tests.HighLevelCryptoTests" runstate="Runnable" testcasecount="4" result="Passed" start-time="2017-08-03 16:03:59Z" end-time="2017-08-03 16:03:59Z" duration="0.296855" total="4" passed="4" failed="0" warnings="0" inconclusive="0" skipped="0" asserts="0">
            <test-case id="0-1024" name="Decrypt_PredefinedCipherDataGiven_ShouldCipherDataBeDecrypted" fullname="Virgil.SDK.Tests.HighLevelCryptoTests.Decrypt_PredefinedCipherDataGiven_ShouldCipherDataBeDecrypted" methodname="Decrypt_PredefinedCipherDataGiven_ShouldCipherDataBeDecrypted" classname="Virgil.SDK.Tests.HighLevelCryptoTests" runstate="Runnable" seed="1800555230" result="Passed" start-time="2017-08-03 16:03:59Z" end-time="2017-08-03 16:03:59Z" duration="0.027713" asserts="0" />
            <test-case id="0-1027" name="DecryptThenVerifyByListOfTrustedCard_EncryptedMessage_ShouldGivenMessageBeDecryptedAndVerified" fullname="Virgil.SDK.Tests.HighLevelCryptoTests.DecryptThenVerifyByListOfTrustedCard_EncryptedMessage_ShouldGivenMessageBeDecryptedAndVerified" methodname="DecryptThenVerifyByListOfTrustedCard_EncryptedMessage_ShouldGivenMessageBeDecryptedAndVerified" classname="Virgil.SDK.Tests.HighLevelCryptoTests" runstate="Runnable" seed="1046436071" result="Passed" start-time="2017-08-03 16:03:59Z" end-time="2017-08-03 16:03:59Z" duration="0.077228" asserts="0" />
            <test-case id="0-1026" name="DecryptThenVerifyBySingleCard_EncryptedMessage_ShouldGivenMessageBeDecryptedAndVerified" fullname="Virgil.SDK.Tests.HighLevelCryptoTests.DecryptThenVerifyBySingleCard_EncryptedMessage_ShouldGivenMessageBeDecryptedAndVerified" methodname="DecryptThenVerifyBySingleCard_EncryptedMessage_ShouldGivenMessageBeDecryptedAndVerified" classname="Virgil.SDK.Tests.HighLevelCryptoTests" runstate="Runnable" seed="1030822577" result="Passed" start-time="2017-08-03 16:03:59Z" end-time="2017-08-03 16:03:59Z" duration="0.075230" asserts="0" />
            <test-case id="0-1025" name="Verify_GivenMessageAndSignature_ShouldSignedDataBeVerified" fullname="Virgil.SDK.Tests.HighLevelCryptoTests.Verify_GivenMessageAndSignature_ShouldSignedDataBeVerified" methodname="Verify_GivenMessageAndSignature_ShouldSignedDataBeVerified" classname="Virgil.SDK.Tests.HighLevelCryptoTests" runstate="Runnable" seed="975427695" result="Passed" start-time="2017-08-03 16:03:59Z" end-time="2017-08-03 16:03:59Z" duration="0.024989" asserts="0" />
          </test-suite>
          <test-suite type="TestFixture" id="0-1021" name="HighLevelTests" fullname="Virgil.SDK.Tests.HighLevelTests" classname="Virgil.SDK.Tests.HighLevelTests" runstate="Runnable" testcasecount="1" result="Passed" start-time="2017-08-03 16:03:59Z" end-time="2017-08-03 16:04:00Z" duration="0.847476" total="1" passed="1" failed="0" warnings="0" inconclusive="0" skipped="0" asserts="0">
            <test-case id="0-1022" name="Crossplatform_Compatibility_Test" fullname="Virgil.SDK.Tests.HighLevelTests.Crossplatform_Compatibility_Test" methodname="Crossplatform_Compatibility_Test" classname="Virgil.SDK.Tests.HighLevelTests" runstate="Runnable" seed="331728921" result="Passed" start-time="2017-08-03 16:03:59Z" end-time="2017-08-03 16:04:00Z" duration="0.816378" asserts="0" />
          </test-suite>
          <test-suite type="TestFixture" id="0-1051" name="RelationTests" fullname="Virgil.SDK.Tests.RelationTests" classname="Virgil.SDK.Tests.RelationTests" runstate="Runnable" testcasecount="2" result="Passed" start-time="2017-08-03 16:04:00Z" end-time="2017-08-03 16:04:03Z" duration="2.519858" total="2" passed="2" failed="0" warnings="0" inconclusive="0" skipped="0" asserts="2">
            <test-case id="0-1052" name="AddOrDeleteRelation_ShouldAddOrDeleteEntryINRelations" fullname="Virgil.SDK.Tests.RelationTests.AddOrDeleteRelation_ShouldAddOrDeleteEntryINRelations" methodname="AddOrDeleteRelation_ShouldAddOrDeleteEntryINRelations" classname="Virgil.SDK.Tests.RelationTests" runstate="Runnable" seed="1140364172" result="Passed" start-time="2017-08-03 16:04:00Z" end-time="2017-08-03 16:04:02Z" duration="1.486569" asserts="0" />
            <test-case id="0-1053" name="AddOrDeleteRelationWithoutAuthoritySign_ExceptionShouldOccur" fullname="Virgil.SDK.Tests.RelationTests.AddOrDeleteRelationWithoutAuthoritySign_ExceptionShouldOccur" methodname="AddOrDeleteRelationWithoutAuthoritySign_ExceptionShouldOccur" classname="Virgil.SDK.Tests.RelationTests" runstate="Runnable" seed="1715536726" result="Passed" start-time="2017-08-03 16:04:02Z" end-time="2017-08-03 16:04:03Z" duration="0.982545" asserts="2" />
          </test-suite>
          <test-suite type="TestFixture" id="0-1036" name="VirgilBufferTests" fullname="Virgil.SDK.Tests.VirgilBufferTests" classname="Virgil.SDK.Tests.VirgilBufferTests" runstate="Runnable" testcasecount="6" result="Passed" start-time="2017-08-03 16:04:03Z" end-time="2017-08-03 16:04:03Z" duration="0.187529" total="6" passed="6" failed="0" warnings="0" inconclusive="0" skipped="0" asserts="3">
            <test-case id="0-1037" name="Ctor_EmptyByteArrayGiven_ShouldThrowException" fullname="Virgil.SDK.Tests.VirgilBufferTests.Ctor_EmptyByteArrayGiven_ShouldThrowException" methodname="Ctor_EmptyByteArrayGiven_ShouldThrowException" classname="Virgil.SDK.Tests.VirgilBufferTests" runstate="Runnable" seed="1175469230" result="Passed" start-time="2017-08-03 16:04:03Z" end-time="2017-08-03 16:04:03Z" duration="0.002602" asserts="1" />
            <test-case id="0-1038" name="Ctor_NullByteArrayGiven_ShouldThrowException" fullname="Virgil.SDK.Tests.VirgilBufferTests.Ctor_NullByteArrayGiven_ShouldThrowException" methodname="Ctor_NullByteArrayGiven_ShouldThrowException" classname="Virgil.SDK.Tests.VirgilBufferTests" runstate="Runnable" seed="1930636009" result="Passed" start-time="2017-08-03 16:04:03Z" end-time="2017-08-03 16:04:03Z" duration="0.000946" asserts="1" />
            <test-case id="0-1042" name="GetBytes_InstantiatedWithRandomBytes_ShouldReturnTheSameBytesAsInitialized" fullname="Virgil.SDK.Tests.VirgilBufferTests.GetBytes_InstantiatedWithRandomBytes_ShouldReturnTheSameBytesAsInitialized" methodname="GetBytes_InstantiatedWithRandomBytes_ShouldReturnTheSameBytesAsInitialized" classname="Virgil.SDK.Tests.VirgilBufferTests" runstate="Runnable" seed="2040027315" result="Passed" start-time="2017-08-03 16:04:03Z" end-time="2017-08-03 16:04:03Z" duration="0.008606" asserts="1" />
            <test-case id="0-1039" name="ToBase64String_InstantiatedWithRandomBytes_ShouldReturnBase64EncodedString" fullname="Virgil.SDK.Tests.VirgilBufferTests.ToBase64String_InstantiatedWithRandomBytes_ShouldReturnBase64EncodedString" methodname="ToBase64String_InstantiatedWithRandomBytes_ShouldReturnBase64EncodedString" classname="Virgil.SDK.Tests.VirgilBufferTests" runstate="Runnable" seed="1983013751" result="Passed" start-time="2017-08-03 16:04:03Z" end-time="2017-08-03 16:04:03Z" duration="0.000697" asserts="0" />
            <test-case id="0-1041" name="ToHEXString_InstantiatedWithRandomBytes_ShouldReturnNotSeporatedLovercaseHexString" fullname="Virgil.SDK.Tests.VirgilBufferTests.ToHEXString_InstantiatedWithRandomBytes_ShouldReturnNotSeporatedLovercaseHexString" methodname="ToHEXString_InstantiatedWithRandomBytes_ShouldReturnNotSeporatedLovercaseHexString" classname="Virgil.SDK.Tests.VirgilBufferTests" runstate="Runnable" seed="1936191512" result="Passed" start-time="2017-08-03 16:04:03Z" end-time="2017-08-03 16:04:03Z" duration="0.000808" asserts="0" />
            <test-case id="0-1040" name="ToUtf8String_InstantiatedWithRandomBytes_ShouldReturnUtf8String" fullname="Virgil.SDK.Tests.VirgilBufferTests.ToUtf8String_InstantiatedWithRandomBytes_ShouldReturnUtf8String" methodname="ToUtf8String_InstantiatedWithRandomBytes_ShouldReturnUtf8String" classname="Virgil.SDK.Tests.VirgilBufferTests" runstate="Runnable" seed="1587576980" result="Passed" start-time="2017-08-03 16:04:03Z" end-time="2017-08-03 16:04:03Z" duration="0.000696" asserts="0" />
          </test-suite>
          <test-suite type="TestFixture" id="0-1043" name="VirgilCardCreationTest" fullname="Virgil.SDK.Tests.VirgilCardCreationTest" classname="Virgil.SDK.Tests.VirgilCardCreationTest" runstate="Runnable" testcasecount="3" result="Passed" start-time="2017-08-03 16:04:03Z" end-time="2017-08-03 16:04:05Z" duration="1.873362" total="3" passed="3" failed="0" warnings="0" inconclusive="0" skipped="0" asserts="1">
            <test-case id="0-1044" name="CreateNewVirgilCard_DuplicateCardCreation_ShouldThrowException" fullname="Virgil.SDK.Tests.VirgilCardCreationTest.CreateNewVirgilCard_DuplicateCardCreation_ShouldThrowException" methodname="CreateNewVirgilCard_DuplicateCardCreation_ShouldThrowException" classname="Virgil.SDK.Tests.VirgilCardCreationTest" runstate="Runnable" seed="580366416" result="Passed" start-time="2017-08-03 16:04:03Z" end-time="2017-08-03 16:04:03Z" duration="0.376835" asserts="1" />
            <test-case id="0-1045" name="CreateNewVirgilCard_IdentityAndPublicKeyGiven_ShouldBeFoundByIdentity" fullname="Virgil.SDK.Tests.VirgilCardCreationTest.CreateNewVirgilCard_IdentityAndPublicKeyGiven_ShouldBeFoundByIdentity" methodname="CreateNewVirgilCard_IdentityAndPublicKeyGiven_ShouldBeFoundByIdentity" classname="Virgil.SDK.Tests.VirgilCardCreationTest" runstate="Runnable" seed="2022310671" result="Passed" start-time="2017-08-03 16:04:03Z" end-time="2017-08-03 16:04:04Z" duration="0.935716" asserts="0" />
            <test-case id="0-1046" name="CreateNewVirgilCard_SignatureValidation_ShouldPassValidation" fullname="Virgil.SDK.Tests.VirgilCardCreationTest.CreateNewVirgilCard_SignatureValidation_ShouldPassValidation" methodname="CreateNewVirgilCard_SignatureValidation_ShouldPassValidation" classname="Virgil.SDK.Tests.VirgilCardCreationTest" runstate="Runnable" seed="1071686705" result="Passed" start-time="2017-08-03 16:04:04Z" end-time="2017-08-03 16:04:05Z" duration="0.491412" asserts="0" />
          </test-suite>
          <test-suite type="TestFixture" id="0-1047" name="VirgilCardSearchTest" fullname="Virgil.SDK.Tests.VirgilCardSearchTest" classname="Virgil.SDK.Tests.VirgilCardSearchTest" runstate="Runnable" testcasecount="3" result="Passed" start-time="2017-08-03 16:04:05Z" end-time="2017-08-03 16:04:08Z" duration="2.741957" total="3" passed="3" failed="0" warnings="0" inconclusive="0" skipped="0" asserts="0">
            <test-case id="0-1050" name="GetSignleVirgilCard_ByGivenId_ShouldReturnVirgilCard" fullname="Virgil.SDK.Tests.VirgilCardSearchTest.GetSignleVirgilCard_ByGivenId_ShouldReturnVirgilCard" methodname="GetSignleVirgilCard_ByGivenId_ShouldReturnVirgilCard" classname="Virgil.SDK.Tests.VirgilCardSearchTest" runstate="Runnable" seed="185341705" result="Passed" start-time="2017-08-03 16:04:05Z" end-time="2017-08-03 16:04:06Z" duration="0.742677" asserts="0" />
            <test-case id="0-1049" name="SearchForTheVirgilCards_MultipleIdentitiesGiven_ShouldReturnVirgilCards" fullname="Virgil.SDK.Tests.VirgilCardSearchTest.SearchForTheVirgilCards_MultipleIdentitiesGiven_ShouldReturnVirgilCards" methodname="SearchForTheVirgilCards_MultipleIdentitiesGiven_ShouldReturnVirgilCards" classname="Virgil.SDK.Tests.VirgilCardSearchTest" runstate="Runnable" seed="1781167030" result="Passed" start-time="2017-08-03 16:04:06Z" end-time="2017-08-03 16:04:07Z" duration="1.270278" asserts="0" />
            <test-case id="0-1048" name="SearchForVirgilCards_ValidationWithServiceKey_ShouldPassValidation" fullname="Virgil.SDK.Tests.VirgilCardSearchTest.SearchForVirgilCards_ValidationWithServiceKey_ShouldPassValidation" methodname="SearchForVirgilCards_ValidationWithServiceKey_ShouldPassValidation" classname="Virgil.SDK.Tests.VirgilCardSearchTest" runstate="Runnable" seed="590096601" result="Passed" start-time="2017-08-03 16:04:07Z" end-time="2017-08-03 16:04:08Z" duration="0.660048" asserts="0" />
          </test-suite>
        </test-suite>
      </test-suite>
    </test-suite>
  </test-suite>
</test-run>